TLD: lu Dict: allpy Delay: 5 Time: 2022-10-14-14-46-55
****************************
bei.lu is available
biao.lu is available
bian.lu is available
pou.lu is available
pang.lu is available
pie.lu is available
piao.lu is available
pian.lu is available
man.lu is available
miao.lu is available
miu.lu is available
mian.lu is available
fou.lu is available
dei.lu is available
dang.lu is available
diao.lu is available
diu.lu is available
ding.lu is available
tai.lu is available
tang.lu is available
teng.lu is available
tiao.lu is available
nao.lu is available
nen.lu is available
nang.lu is available
neng.lu is available
niao.lu is available
nian.lu is available
nin.lu is available
niang.lu is available
ning.lu is available
leng.lu is available
lie.lu is available
liao.lu is available
geng.lu is available
keng.lu is available
hei.lu is available
hang.lu is available
jiao.lu is available
jing.lu is available
qia.lu is available
qie.lu is available
xie.lu is available
zha.lu is available
zhen.lu is available
chai.lu is available
chou.lu is available
shai.lu is available
rou.lu is available
ran.lu is available
rang.lu is available
reng.lu is available
zai.lu is available
zao.lu is available
zang.lu is available
cou.lu is available
can.lu is available
cen.lu is available
cang.lu is available
ceng.lu is available
sai.lu is available
seng.lu is available
yue.lu is available
weng.lu is available
