TLD: su Dict: allpy Delay: 0 Time: 2022-09-28-21-01-02
****************************
bang.su is available
beng.su is available
bie.su is available
biao.su is available
bian.su is available
pang.su is available
piao.su is available
pian.su is available
mang.su is available
dang.su is available
diao.su is available
diu.su is available
dian.su is available
teng.su is available
tiao.su is available
ting.su is available
nang.su is available
neng.su is available
nian.su is available
niang.su is available
lou.su is available
leng.su is available
liao.su is available
gai.su is available
geng.su is available
