TLD: su Dict: allpy Delay: 5 Time: 2022-10-14-15-23-20
****************************
bang.su is available
beng.su is available
bie.su is available
biao.su is available
bian.su is available
pang.su is available
piao.su is available
pian.su is available
mang.su is available
dang.su is available
diao.su is available
diu.su is available
dian.su is available
teng.su is available
tiao.su is available
ting.su is available
nang.su is available
neng.su is available
nian.su is available
niang.su is available
lou.su is available
leng.su is available
liao.su is available
gai.su is available
geng.su is available
keng.su is available
hei.su is available
hou.su is available
jiao.su is available
qia.su is available
qie.su is available
qiao.su is available
qiu.su is available
qian.su is available
qiang.su is available
xia.su is available
xie.su is available
zha.su is available
zhai.su is available
zhan.su is available
zhen.su is available
chou.su is available
shai.su is available
shang.su is available
rou.su is available
reng.su is available
zang.su is available
cang.su is available
ceng.su is available
sai.su is available
seng.su is available
wai.su is available
weng.su is available
